{"uid":"68c129091b4d9463","name":"Check upload file","fullName":"tests.elements_test.TestElements#test_upload_file","historyId":"a3c5f029f736f20e782ba5ef73ee5e5c","time":{"start":1682435154384,"stop":1682435156305,"duration":1921},"status":"broken","statusMessage":"selenium.common.exceptions.WebDriverException: Message: unknown error: path is not absolute: C:\\Users\\Koil\\Desktop\\Новая папка\\filetest382.txt\n  (Session info: headless chrome=112.0.5615.121)\nStacktrace:\n#0 0x559d2c7a2fe3 <unknown>\n#1 0x559d2c4e1d36 <unknown>\n#2 0x559d2c4eb10a <unknown>\n#3 0x559d2c5179a5 <unknown>\n#4 0x559d2c53f8c2 <unknown>\n#5 0x559d2c513943 <unknown>\n#6 0x559d2c53fa8e <unknown>\n#7 0x559d2c558232 <unknown>\n#8 0x559d2c53f693 <unknown>\n#9 0x559d2c51203a <unknown>\n#10 0x559d2c51317e <unknown>\n#11 0x559d2c764dbd <unknown>\n#12 0x559d2c768c6c <unknown>\n#13 0x559d2c7724b0 <unknown>\n#14 0x559d2c769d63 <unknown>\n#15 0x559d2c73cc35 <unknown>\n#16 0x559d2c78d138 <unknown>\n#17 0x559d2c78d2c7 <unknown>\n#18 0x559d2c79b093 <unknown>\n#19 0x7fa670b07b43 <unknown>","statusTrace":"self = <elements_test.TestElements.TestUploadAndDownload object at 0x7f81a3906910>\ndriver = <selenium.webdriver.chrome.webdriver.WebDriver (session=\"06e647761e7d9d0ae5852ee8b30b7e64\")>\n\n    @allure.title('Check upload file')\n    def test_upload_file(self, driver):\n        upload_download_page = UploadAndDownloadPage(driver, 'https://demoqa.com/upload-download')\n        upload_download_page.open()\n>       file_name, result = upload_download_page.upload_file()\n\ntests/elements_test.py:136: \n_ _ _ _ _ _ _ _ _ _ _ _ _ _ _ _ _ _ _ _ _ _ _ _ _ _ _ _ _ _ _ _ _ _ _ _ _ _ _ _ \npages/elements_page.py:228: in upload_file\n    self.element_is_present(self.locators.UPLOAD_FILE).send_keys(path)\n/opt/hostedtoolcache/Python/3.11.3/x64/lib/python3.11/site-packages/selenium/webdriver/remote/webelement.py:540: in send_keys\n    self._execute(Command.SEND_KEYS_TO_ELEMENT,\n/opt/hostedtoolcache/Python/3.11.3/x64/lib/python3.11/site-packages/selenium/webdriver/remote/webelement.py:710: in _execute\n    return self._parent.execute(command, params)\n/opt/hostedtoolcache/Python/3.11.3/x64/lib/python3.11/site-packages/selenium/webdriver/remote/webdriver.py:425: in execute\n    self.error_handler.check_response(response)\n_ _ _ _ _ _ _ _ _ _ _ _ _ _ _ _ _ _ _ _ _ _ _ _ _ _ _ _ _ _ _ _ _ _ _ _ _ _ _ _ \n\nself = <selenium.webdriver.remote.errorhandler.ErrorHandler object at 0x7f81a51b9510>\nresponse = {'status': 500, 'value': '{\"value\":{\"error\":\"unknown error\",\"message\":\"unknown error: path is not absolute: C:\\\\\\\\User...\\\\n#17 0x559d2c78d2c7 \\\\u003Cunknown>\\\\n#18 0x559d2c79b093 \\\\u003Cunknown>\\\\n#19 0x7fa670b07b43 \\\\u003Cunknown>\\\\n\"}}'}\n\n    def check_response(self, response: Dict[str, Any]) -> None:\n        \"\"\"\n        Checks that a JSON response from the WebDriver does not have an error.\n    \n        :Args:\n         - response - The JSON response from the WebDriver server as a dictionary\n           object.\n    \n        :Raises: If the response contains an error message.\n        \"\"\"\n        status = response.get('status', None)\n        if not status or status == ErrorCode.SUCCESS:\n            return\n        value = None\n        message = response.get(\"message\", \"\")\n        screen: str = response.get(\"screen\", \"\")\n        stacktrace = None\n        if isinstance(status, int):\n            value_json = response.get('value', None)\n            if value_json and isinstance(value_json, str):\n                import json\n                try:\n                    value = json.loads(value_json)\n                    if len(value.keys()) == 1:\n                        value = value['value']\n                    status = value.get('error', None)\n                    if not status:\n                        status = value.get(\"status\", ErrorCode.UNKNOWN_ERROR)\n                        message = value.get(\"value\") or value.get(\"message\")\n                        if not isinstance(message, str):\n                            value = message\n                            message = message.get('message')\n                    else:\n                        message = value.get('message', None)\n                except ValueError:\n                    pass\n    \n        exception_class: Type[WebDriverException]\n        if status in ErrorCode.NO_SUCH_ELEMENT:\n            exception_class = NoSuchElementException\n        elif status in ErrorCode.NO_SUCH_FRAME:\n            exception_class = NoSuchFrameException\n        elif status in ErrorCode.NO_SUCH_SHADOW_ROOT:\n            exception_class = NoSuchShadowRootException\n        elif status in ErrorCode.NO_SUCH_WINDOW:\n            exception_class = NoSuchWindowException\n        elif status in ErrorCode.STALE_ELEMENT_REFERENCE:\n            exception_class = StaleElementReferenceException\n        elif status in ErrorCode.ELEMENT_NOT_VISIBLE:\n            exception_class = ElementNotVisibleException\n        elif status in ErrorCode.INVALID_ELEMENT_STATE:\n            exception_class = InvalidElementStateException\n        elif status in ErrorCode.INVALID_SELECTOR \\\n                or status in ErrorCode.INVALID_XPATH_SELECTOR \\\n                or status in ErrorCode.INVALID_XPATH_SELECTOR_RETURN_TYPER:\n            exception_class = InvalidSelectorException\n        elif status in ErrorCode.ELEMENT_IS_NOT_SELECTABLE:\n            exception_class = ElementNotSelectableException\n        elif status in ErrorCode.ELEMENT_NOT_INTERACTABLE:\n            exception_class = ElementNotInteractableException\n        elif status in ErrorCode.INVALID_COOKIE_DOMAIN:\n            exception_class = InvalidCookieDomainException\n        elif status in ErrorCode.UNABLE_TO_SET_COOKIE:\n            exception_class = UnableToSetCookieException\n        elif status in ErrorCode.TIMEOUT:\n            exception_class = TimeoutException\n        elif status in ErrorCode.SCRIPT_TIMEOUT:\n            exception_class = TimeoutException\n        elif status in ErrorCode.UNKNOWN_ERROR:\n            exception_class = WebDriverException\n        elif status in ErrorCode.UNEXPECTED_ALERT_OPEN:\n            exception_class = UnexpectedAlertPresentException\n        elif status in ErrorCode.NO_ALERT_OPEN:\n            exception_class = NoAlertPresentException\n        elif status in ErrorCode.IME_NOT_AVAILABLE:\n            exception_class = ImeNotAvailableException\n        elif status in ErrorCode.IME_ENGINE_ACTIVATION_FAILED:\n            exception_class = ImeActivationFailedException\n        elif status in ErrorCode.MOVE_TARGET_OUT_OF_BOUNDS:\n            exception_class = MoveTargetOutOfBoundsException\n        elif status in ErrorCode.JAVASCRIPT_ERROR:\n            exception_class = JavascriptException\n        elif status in ErrorCode.SESSION_NOT_CREATED:\n            exception_class = SessionNotCreatedException\n        elif status in ErrorCode.INVALID_ARGUMENT:\n            exception_class = InvalidArgumentException\n        elif status in ErrorCode.NO_SUCH_COOKIE:\n            exception_class = NoSuchCookieException\n        elif status in ErrorCode.UNABLE_TO_CAPTURE_SCREEN:\n            exception_class = ScreenshotException\n        elif status in ErrorCode.ELEMENT_CLICK_INTERCEPTED:\n            exception_class = ElementClickInterceptedException\n        elif status in ErrorCode.INSECURE_CERTIFICATE:\n            exception_class = InsecureCertificateException\n        elif status in ErrorCode.INVALID_COORDINATES:\n            exception_class = InvalidCoordinatesException\n        elif status in ErrorCode.INVALID_SESSION_ID:\n            exception_class = InvalidSessionIdException\n        elif status in ErrorCode.UNKNOWN_METHOD:\n            exception_class = UnknownMethodException\n        else:\n            exception_class = WebDriverException\n        if not value:\n            value = response['value']\n        if isinstance(value, str):\n            raise exception_class(value)\n        if message == \"\" and 'message' in value:\n            message = value['message']\n    \n        screen = None  # type: ignore[assignment]\n        if 'screen' in value:\n            screen = value['screen']\n    \n        stacktrace = None\n        st_value = value.get('stackTrace') or value.get('stacktrace')\n        if st_value:\n            if isinstance(st_value, str):\n                stacktrace = st_value.split('\\n')\n            else:\n                stacktrace = []\n                try:\n                    for frame in st_value:\n                        line = self._value_or_default(frame, 'lineNumber', '')\n                        file = self._value_or_default(frame, 'fileName', '<anonymous>')\n                        if line:\n                            file = \"%s:%s\" % (file, line)\n                        meth = self._value_or_default(frame, 'methodName', '<anonymous>')\n                        if 'className' in frame:\n                            meth = \"%s.%s\" % (frame['className'], meth)\n                        msg = \"    at %s (%s)\"\n                        msg = msg % (meth, file)\n                        stacktrace.append(msg)\n                except TypeError:\n                    pass\n        if exception_class == UnexpectedAlertPresentException:\n            alert_text = None\n            if 'data' in value:\n                alert_text = value['data'].get('text')\n            elif 'alert' in value:\n                alert_text = value['alert'].get('text')\n            raise exception_class(message, screen, stacktrace, alert_text)  # type: ignore[call-arg]  # mypy is not smart enough here\n>       raise exception_class(message, screen, stacktrace)\nE       selenium.common.exceptions.WebDriverException: Message: unknown error: path is not absolute: C:\\Users\\Koil\\Desktop\\Новая папка\\filetest382.txt\nE         (Session info: headless chrome=112.0.5615.121)\nE       Stacktrace:\nE       #0 0x559d2c7a2fe3 <unknown>\nE       #1 0x559d2c4e1d36 <unknown>\nE       #2 0x559d2c4eb10a <unknown>\nE       #3 0x559d2c5179a5 <unknown>\nE       #4 0x559d2c53f8c2 <unknown>\nE       #5 0x559d2c513943 <unknown>\nE       #6 0x559d2c53fa8e <unknown>\nE       #7 0x559d2c558232 <unknown>\nE       #8 0x559d2c53f693 <unknown>\nE       #9 0x559d2c51203a <unknown>\nE       #10 0x559d2c51317e <unknown>\nE       #11 0x559d2c764dbd <unknown>\nE       #12 0x559d2c768c6c <unknown>\nE       #13 0x559d2c7724b0 <unknown>\nE       #14 0x559d2c769d63 <unknown>\nE       #15 0x559d2c73cc35 <unknown>\nE       #16 0x559d2c78d138 <unknown>\nE       #17 0x559d2c78d2c7 <unknown>\nE       #18 0x559d2c79b093 <unknown>\nE       #19 0x7fa670b07b43 <unknown>\n\n/opt/hostedtoolcache/Python/3.11.3/x64/lib/python3.11/site-packages/selenium/webdriver/remote/errorhandler.py:247: WebDriverException","flaky":false,"newFailed":false,"newBroken":false,"newPassed":false,"retriesCount":0,"retriesStatusChange":false,"beforeStages":[{"name":"_session_faker","time":{"start":1682435032454,"stop":1682435032470,"duration":16},"status":"passed","steps":[],"attachments":[],"parameters":[],"stepsCount":0,"attachmentsCount":0,"shouldDisplayMessage":false,"hasContent":false},{"name":"driver","time":{"start":1682435153467,"stop":1682435154383,"duration":916},"status":"passed","steps":[],"attachments":[],"parameters":[],"stepsCount":0,"attachmentsCount":0,"shouldDisplayMessage":false,"hasContent":false}],"testStage":{"status":"broken","statusMessage":"selenium.common.exceptions.WebDriverException: Message: unknown error: path is not absolute: C:\\Users\\Koil\\Desktop\\Новая папка\\filetest382.txt\n  (Session info: headless chrome=112.0.5615.121)\nStacktrace:\n#0 0x559d2c7a2fe3 <unknown>\n#1 0x559d2c4e1d36 <unknown>\n#2 0x559d2c4eb10a <unknown>\n#3 0x559d2c5179a5 <unknown>\n#4 0x559d2c53f8c2 <unknown>\n#5 0x559d2c513943 <unknown>\n#6 0x559d2c53fa8e <unknown>\n#7 0x559d2c558232 <unknown>\n#8 0x559d2c53f693 <unknown>\n#9 0x559d2c51203a <unknown>\n#10 0x559d2c51317e <unknown>\n#11 0x559d2c764dbd <unknown>\n#12 0x559d2c768c6c <unknown>\n#13 0x559d2c7724b0 <unknown>\n#14 0x559d2c769d63 <unknown>\n#15 0x559d2c73cc35 <unknown>\n#16 0x559d2c78d138 <unknown>\n#17 0x559d2c78d2c7 <unknown>\n#18 0x559d2c79b093 <unknown>\n#19 0x7fa670b07b43 <unknown>","statusTrace":"self = <elements_test.TestElements.TestUploadAndDownload object at 0x7f81a3906910>\ndriver = <selenium.webdriver.chrome.webdriver.WebDriver (session=\"06e647761e7d9d0ae5852ee8b30b7e64\")>\n\n    @allure.title('Check upload file')\n    def test_upload_file(self, driver):\n        upload_download_page = UploadAndDownloadPage(driver, 'https://demoqa.com/upload-download')\n        upload_download_page.open()\n>       file_name, result = upload_download_page.upload_file()\n\ntests/elements_test.py:136: \n_ _ _ _ _ _ _ _ _ _ _ _ _ _ _ _ _ _ _ _ _ _ _ _ _ _ _ _ _ _ _ _ _ _ _ _ _ _ _ _ \npages/elements_page.py:228: in upload_file\n    self.element_is_present(self.locators.UPLOAD_FILE).send_keys(path)\n/opt/hostedtoolcache/Python/3.11.3/x64/lib/python3.11/site-packages/selenium/webdriver/remote/webelement.py:540: in send_keys\n    self._execute(Command.SEND_KEYS_TO_ELEMENT,\n/opt/hostedtoolcache/Python/3.11.3/x64/lib/python3.11/site-packages/selenium/webdriver/remote/webelement.py:710: in _execute\n    return self._parent.execute(command, params)\n/opt/hostedtoolcache/Python/3.11.3/x64/lib/python3.11/site-packages/selenium/webdriver/remote/webdriver.py:425: in execute\n    self.error_handler.check_response(response)\n_ _ _ _ _ _ _ _ _ _ _ _ _ _ _ _ _ _ _ _ _ _ _ _ _ _ _ _ _ _ _ _ _ _ _ _ _ _ _ _ \n\nself = <selenium.webdriver.remote.errorhandler.ErrorHandler object at 0x7f81a51b9510>\nresponse = {'status': 500, 'value': '{\"value\":{\"error\":\"unknown error\",\"message\":\"unknown error: path is not absolute: C:\\\\\\\\User...\\\\n#17 0x559d2c78d2c7 \\\\u003Cunknown>\\\\n#18 0x559d2c79b093 \\\\u003Cunknown>\\\\n#19 0x7fa670b07b43 \\\\u003Cunknown>\\\\n\"}}'}\n\n    def check_response(self, response: Dict[str, Any]) -> None:\n        \"\"\"\n        Checks that a JSON response from the WebDriver does not have an error.\n    \n        :Args:\n         - response - The JSON response from the WebDriver server as a dictionary\n           object.\n    \n        :Raises: If the response contains an error message.\n        \"\"\"\n        status = response.get('status', None)\n        if not status or status == ErrorCode.SUCCESS:\n            return\n        value = None\n        message = response.get(\"message\", \"\")\n        screen: str = response.get(\"screen\", \"\")\n        stacktrace = None\n        if isinstance(status, int):\n            value_json = response.get('value', None)\n            if value_json and isinstance(value_json, str):\n                import json\n                try:\n                    value = json.loads(value_json)\n                    if len(value.keys()) == 1:\n                        value = value['value']\n                    status = value.get('error', None)\n                    if not status:\n                        status = value.get(\"status\", ErrorCode.UNKNOWN_ERROR)\n                        message = value.get(\"value\") or value.get(\"message\")\n                        if not isinstance(message, str):\n                            value = message\n                            message = message.get('message')\n                    else:\n                        message = value.get('message', None)\n                except ValueError:\n                    pass\n    \n        exception_class: Type[WebDriverException]\n        if status in ErrorCode.NO_SUCH_ELEMENT:\n            exception_class = NoSuchElementException\n        elif status in ErrorCode.NO_SUCH_FRAME:\n            exception_class = NoSuchFrameException\n        elif status in ErrorCode.NO_SUCH_SHADOW_ROOT:\n            exception_class = NoSuchShadowRootException\n        elif status in ErrorCode.NO_SUCH_WINDOW:\n            exception_class = NoSuchWindowException\n        elif status in ErrorCode.STALE_ELEMENT_REFERENCE:\n            exception_class = StaleElementReferenceException\n        elif status in ErrorCode.ELEMENT_NOT_VISIBLE:\n            exception_class = ElementNotVisibleException\n        elif status in ErrorCode.INVALID_ELEMENT_STATE:\n            exception_class = InvalidElementStateException\n        elif status in ErrorCode.INVALID_SELECTOR \\\n                or status in ErrorCode.INVALID_XPATH_SELECTOR \\\n                or status in ErrorCode.INVALID_XPATH_SELECTOR_RETURN_TYPER:\n            exception_class = InvalidSelectorException\n        elif status in ErrorCode.ELEMENT_IS_NOT_SELECTABLE:\n            exception_class = ElementNotSelectableException\n        elif status in ErrorCode.ELEMENT_NOT_INTERACTABLE:\n            exception_class = ElementNotInteractableException\n        elif status in ErrorCode.INVALID_COOKIE_DOMAIN:\n            exception_class = InvalidCookieDomainException\n        elif status in ErrorCode.UNABLE_TO_SET_COOKIE:\n            exception_class = UnableToSetCookieException\n        elif status in ErrorCode.TIMEOUT:\n            exception_class = TimeoutException\n        elif status in ErrorCode.SCRIPT_TIMEOUT:\n            exception_class = TimeoutException\n        elif status in ErrorCode.UNKNOWN_ERROR:\n            exception_class = WebDriverException\n        elif status in ErrorCode.UNEXPECTED_ALERT_OPEN:\n            exception_class = UnexpectedAlertPresentException\n        elif status in ErrorCode.NO_ALERT_OPEN:\n            exception_class = NoAlertPresentException\n        elif status in ErrorCode.IME_NOT_AVAILABLE:\n            exception_class = ImeNotAvailableException\n        elif status in ErrorCode.IME_ENGINE_ACTIVATION_FAILED:\n            exception_class = ImeActivationFailedException\n        elif status in ErrorCode.MOVE_TARGET_OUT_OF_BOUNDS:\n            exception_class = MoveTargetOutOfBoundsException\n        elif status in ErrorCode.JAVASCRIPT_ERROR:\n            exception_class = JavascriptException\n        elif status in ErrorCode.SESSION_NOT_CREATED:\n            exception_class = SessionNotCreatedException\n        elif status in ErrorCode.INVALID_ARGUMENT:\n            exception_class = InvalidArgumentException\n        elif status in ErrorCode.NO_SUCH_COOKIE:\n            exception_class = NoSuchCookieException\n        elif status in ErrorCode.UNABLE_TO_CAPTURE_SCREEN:\n            exception_class = ScreenshotException\n        elif status in ErrorCode.ELEMENT_CLICK_INTERCEPTED:\n            exception_class = ElementClickInterceptedException\n        elif status in ErrorCode.INSECURE_CERTIFICATE:\n            exception_class = InsecureCertificateException\n        elif status in ErrorCode.INVALID_COORDINATES:\n            exception_class = InvalidCoordinatesException\n        elif status in ErrorCode.INVALID_SESSION_ID:\n            exception_class = InvalidSessionIdException\n        elif status in ErrorCode.UNKNOWN_METHOD:\n            exception_class = UnknownMethodException\n        else:\n            exception_class = WebDriverException\n        if not value:\n            value = response['value']\n        if isinstance(value, str):\n            raise exception_class(value)\n        if message == \"\" and 'message' in value:\n            message = value['message']\n    \n        screen = None  # type: ignore[assignment]\n        if 'screen' in value:\n            screen = value['screen']\n    \n        stacktrace = None\n        st_value = value.get('stackTrace') or value.get('stacktrace')\n        if st_value:\n            if isinstance(st_value, str):\n                stacktrace = st_value.split('\\n')\n            else:\n                stacktrace = []\n                try:\n                    for frame in st_value:\n                        line = self._value_or_default(frame, 'lineNumber', '')\n                        file = self._value_or_default(frame, 'fileName', '<anonymous>')\n                        if line:\n                            file = \"%s:%s\" % (file, line)\n                        meth = self._value_or_default(frame, 'methodName', '<anonymous>')\n                        if 'className' in frame:\n                            meth = \"%s.%s\" % (frame['className'], meth)\n                        msg = \"    at %s (%s)\"\n                        msg = msg % (meth, file)\n                        stacktrace.append(msg)\n                except TypeError:\n                    pass\n        if exception_class == UnexpectedAlertPresentException:\n            alert_text = None\n            if 'data' in value:\n                alert_text = value['data'].get('text')\n            elif 'alert' in value:\n                alert_text = value['alert'].get('text')\n            raise exception_class(message, screen, stacktrace, alert_text)  # type: ignore[call-arg]  # mypy is not smart enough here\n>       raise exception_class(message, screen, stacktrace)\nE       selenium.common.exceptions.WebDriverException: Message: unknown error: path is not absolute: C:\\Users\\Koil\\Desktop\\Новая папка\\filetest382.txt\nE         (Session info: headless chrome=112.0.5615.121)\nE       Stacktrace:\nE       #0 0x559d2c7a2fe3 <unknown>\nE       #1 0x559d2c4e1d36 <unknown>\nE       #2 0x559d2c4eb10a <unknown>\nE       #3 0x559d2c5179a5 <unknown>\nE       #4 0x559d2c53f8c2 <unknown>\nE       #5 0x559d2c513943 <unknown>\nE       #6 0x559d2c53fa8e <unknown>\nE       #7 0x559d2c558232 <unknown>\nE       #8 0x559d2c53f693 <unknown>\nE       #9 0x559d2c51203a <unknown>\nE       #10 0x559d2c51317e <unknown>\nE       #11 0x559d2c764dbd <unknown>\nE       #12 0x559d2c768c6c <unknown>\nE       #13 0x559d2c7724b0 <unknown>\nE       #14 0x559d2c769d63 <unknown>\nE       #15 0x559d2c73cc35 <unknown>\nE       #16 0x559d2c78d138 <unknown>\nE       #17 0x559d2c78d2c7 <unknown>\nE       #18 0x559d2c79b093 <unknown>\nE       #19 0x7fa670b07b43 <unknown>\n\n/opt/hostedtoolcache/Python/3.11.3/x64/lib/python3.11/site-packages/selenium/webdriver/remote/errorhandler.py:247: WebDriverException","steps":[{"name":"Open a browser","time":{"start":1682435154384,"stop":1682435156031,"duration":1647},"status":"passed","steps":[],"attachments":[],"parameters":[],"stepsCount":0,"attachmentsCount":0,"shouldDisplayMessage":false,"hasContent":false},{"name":"upload file","time":{"start":1682435156031,"stop":1682435156304,"duration":273},"status":"broken","statusMessage":"selenium.common.exceptions.WebDriverException: Message: unknown error: path is not absolute: C:\\Users\\Koil\\Desktop\\Новая папка\\filetest382.txt\n  (Session info: headless chrome=112.0.5615.121)\nStacktrace:\n#0 0x559d2c7a2fe3 <unknown>\n#1 0x559d2c4e1d36 <unknown>\n#2 0x559d2c4eb10a <unknown>\n#3 0x559d2c5179a5 <unknown>\n#4 0x559d2c53f8c2 <unknown>\n#5 0x559d2c513943 <unknown>\n#6 0x559d2c53fa8e <unknown>\n#7 0x559d2c558232 <unknown>\n#8 0x559d2c53f693 <unknown>\n#9 0x559d2c51203a <unknown>\n#10 0x559d2c51317e <unknown>\n#11 0x559d2c764dbd <unknown>\n#12 0x559d2c768c6c <unknown>\n#13 0x559d2c7724b0 <unknown>\n#14 0x559d2c769d63 <unknown>\n#15 0x559d2c73cc35 <unknown>\n#16 0x559d2c78d138 <unknown>\n#17 0x559d2c78d2c7 <unknown>\n#18 0x559d2c79b093 <unknown>\n#19 0x7fa670b07b43 <unknown>\n\n","statusTrace":"  File \"/opt/hostedtoolcache/Python/3.11.3/x64/lib/python3.11/site-packages/allure_commons/_allure.py\", line 172, in impl\n    return func(*a, **kw)\n           ^^^^^^^^^^^^^^\n  File \"/home/runner/work/DemoQA/DemoQA/pages/elements_page.py\", line 228, in upload_file\n    self.element_is_present(self.locators.UPLOAD_FILE).send_keys(path)\n  File \"/opt/hostedtoolcache/Python/3.11.3/x64/lib/python3.11/site-packages/selenium/webdriver/remote/webelement.py\", line 540, in send_keys\n    self._execute(Command.SEND_KEYS_TO_ELEMENT,\n  File \"/opt/hostedtoolcache/Python/3.11.3/x64/lib/python3.11/site-packages/selenium/webdriver/remote/webelement.py\", line 710, in _execute\n    return self._parent.execute(command, params)\n           ^^^^^^^^^^^^^^^^^^^^^^^^^^^^^^^^^^^^^\n  File \"/opt/hostedtoolcache/Python/3.11.3/x64/lib/python3.11/site-packages/selenium/webdriver/remote/webdriver.py\", line 425, in execute\n    self.error_handler.check_response(response)\n  File \"/opt/hostedtoolcache/Python/3.11.3/x64/lib/python3.11/site-packages/selenium/webdriver/remote/errorhandler.py\", line 247, in check_response\n    raise exception_class(message, screen, stacktrace)\n","steps":[{"name":"Find a present element","time":{"start":1682435156032,"stop":1682435156080,"duration":48},"status":"passed","steps":[],"attachments":[],"parameters":[{"name":"locator","value":"('css selector', 'input[id=\"uploadFile\"]')"},{"name":"timeout","value":"10"}],"stepsCount":0,"attachmentsCount":0,"shouldDisplayMessage":false,"hasContent":true}],"attachments":[],"parameters":[],"stepsCount":1,"attachmentsCount":0,"shouldDisplayMessage":true,"hasContent":true}],"attachments":[{"uid":"1a2dd2ae92e8e331","name":"log","source":"1a2dd2ae92e8e331.txt","type":"text/plain","size":366}],"parameters":[],"stepsCount":3,"attachmentsCount":1,"shouldDisplayMessage":true,"hasContent":true},"afterStages":[{"name":"driver::0","time":{"start":1682435156362,"stop":1682435156756,"duration":394},"status":"passed","steps":[],"attachments":[{"uid":"48e4af58aa451096","name":"Screenshot 2023-04-25 15:05:56.691921","source":"48e4af58aa451096.png","type":"image/png","size":249907}],"parameters":[],"stepsCount":0,"attachmentsCount":1,"shouldDisplayMessage":false,"hasContent":true}],"labels":[{"name":"suite","value":"Elements"},{"name":"feature","value":"Upload and Download page"},{"name":"parentSuite","value":"tests"},{"name":"subSuite","value":"TestElements"},{"name":"host","value":"fv-az790-322"},{"name":"thread","value":"2327-MainThread"},{"name":"framework","value":"pytest"},{"name":"language","value":"cpython3"},{"name":"package","value":"tests.elements_test"},{"name":"resultFormat","value":"allure2"}],"parameters":[],"links":[],"hidden":false,"retry":false,"extra":{"severity":"normal","retries":[],"categories":[{"name":"Test defects","matchedStatuses":[],"flaky":false}],"tags":[]},"source":"68c129091b4d9463.json","parameterValues":[]}